<?xml version="1.0" encoding="UTF-8"?>
<testng-results ignored="0" total="1" passed="1" failed="0" skipped="0">
  <reporter-output>
  </reporter-output>
  <suite started-at="2021-12-13T15:04:13 IST" name="Suite" finished-at="2021-12-13T15:04:13 IST" duration-ms="39">
    <groups>
    </groups>
    <test started-at="2021-12-13T15:04:13 IST" name="Test" finished-at="2021-12-13T15:04:13 IST" duration-ms="39">
      <class name="com.crm.sample.SampleReadTest">
        <test-method signature="sampleReadTest()[pri:0, instance:com.crm.sample.SampleReadTest@747edf66]" started-at="2021-12-13T15:04:13 IST" name="sampleReadTest" finished-at="2021-12-13T15:04:13 IST" duration-ms="7" status="PASS">
          <reporter-output>
          </reporter-output>
        </test-method> <!-- sampleReadTest -->
      </class> <!-- com.crm.sample.SampleReadTest -->
    </test> <!-- Test -->
  </suite> <!-- Suite -->
</testng-results>
